<?xml version="1.0" encoding="UTF-8"?>
<testsuite name="org.launchcode.hellospring.HelloSpringApplicationTests" tests="1" skipped="0" failures="0" errors="0" timestamp="2024-01-10T22:54:17" hostname="SDALE0321LPT" time="1.365">
  <properties/>
  <testcase name="contextLoads()" classname="org.launchcode.hellospring.HelloSpringApplicationTests" time="1.365"/>
  <system-out><![CDATA[16:54:14.291 [Test worker] INFO org.springframework.test.context.support.AnnotationConfigContextLoaderUtils -- Could not detect default configuration classes for test class [org.launchcode.hellospring.HelloSpringApplicationTests]: HelloSpringApplicationTests does not declare any static, non-private, non-final, nested classes annotated with @Configuration.
16:54:14.487 [Test worker] INFO org.springframework.boot.test.context.SpringBootTestContextBootstrapper -- Found @SpringBootConfiguration org.launchcode.hellospring.HelloSpringApplication for test class org.launchcode.hellospring.HelloSpringApplicationTests

  .   ____          _            __ _ _
 /\\ / ___'_ __ _ _(_)_ __  __ _ \ \ \ \
( ( )\___ | '_ | '_| | '_ \/ _` | \ \ \ \
 \\/  ___)| |_)| | | | | || (_| |  ) ) ) )
  '  |____| .__|_| |_|_| |_\__, | / / / /
 =========|_|==============|___/=/_/_/_/
 :: Spring Boot ::                (v3.2.1)

2024-01-10T16:54:15.235-06:00  INFO 2140 --- [    Test worker] o.l.h.HelloSpringApplicationTests        : Starting HelloSpringApplicationTests using Java 17.0.8 with PID 2140 (started by HouseCarter-BackDeck in C:\Users\HouseCarter-BackDeck\Documents\LaunchCode\hello-spring)
2024-01-10T16:54:15.238-06:00  INFO 2140 --- [    Test worker] o.l.h.HelloSpringApplicationTests        : No active profile set, falling back to 1 default profile: "default"
2024-01-10T16:54:17.423-06:00  INFO 2140 --- [    Test worker] o.l.h.HelloSpringApplicationTests        : Started HelloSpringApplicationTests in 2.631 seconds (process running for 4.821)
]]></system-out>
  <system-err><![CDATA[]]></system-err>
</testsuite>
